<?xml version="1.0" encoding="UTF-8"?>
<!-- Generated by org.testng.reporters.JUnitReportReporter -->
<testsuite hostname="DESKTOP-8IEA4JK" name="com.thinkland.test.MainTest" tests="1" failures="0" timestamp="27 Sep 2016 08:37:30 GMT" time="9.830" errors="0">
  <testcase name="commonInterface" time="9.830" classname="com.thinkland.test.MainTest"/>
</testsuite> <!-- com.thinkland.test.MainTest -->
